<?xml version="1.0" encoding="UTF-8"?>
<!-- Generated by org.testng.reporters.JUnitReportReporter -->
<testsuite hostname="1MG-LPTP-260" failures="0" tests="4" name="tests.IMDBTests" time="29.976" errors="0" timestamp="11 Jun 2018 15:53:20 GMT" skipped="0">
  <testcase classname="tests.IMDBTests" name="verifySearch" time="8.078"/>
  <testcase classname="tests.IMDBTests" name="verifySearch" time="12.050"/>
  <testcase classname="tests.IMDBTests" name="verifySearch" time="6.447"/>
  <testcase classname="tests.IMDBTests" name="verifyInvalidLogin" time="3.401"/>
</testsuite> <!-- tests.IMDBTests -->
