<?xml version="1.0" encoding="UTF-8"?>
<!-- Generated by org.testng.reporters.JUnitReportReporter -->
<testsuite hostname="1MG-LPTP-260" failures="0" tests="1" name="tests.BaseClass" time="27.049" errors="0" timestamp="08 Jun 2018 19:53:44 GMT" skipped="0">
  <testcase classname="tests.BaseClass" name="test" time="27.049"/>
</testsuite> <!-- tests.BaseClass -->
